<?xml version="1.0" encoding="UTF-8"?>
<robot generator="Robot 3.2.1 (Python 3.8.5 on win32)" generated="20210126 13:54:45.348" rpa="false">
<suite id="s1" name="Testsuite" source="C:\Users\Dale\PycharmProjects\WestWing\Test Cases\testsuite.robot">
<test id="s1-t1" name="TC1 Search For Product On HomePage">
<kw name="Given browser is opened to WestwinNow HomePage" library="Keywords">
<kw name="Evaluate" library="BuiltIn">
<doc>Evaluates the given expression in Python and returns the result.</doc>
<arguments>
<arg>sys.modules['selenium.webdriver'].ChromeOptions()</arg>
<arg>sys, selenium.webdriver</arg>
</arguments>
<assign>
<var>${chrome_options}</var>
</assign>
<msg timestamp="20210126 13:54:46.248" level="INFO">${chrome_options} = &lt;selenium.webdriver.chrome.options.Options object at 0x00000165ABAEEFA0&gt;</msg>
<status status="PASS" starttime="20210126 13:54:46.246" endtime="20210126 13:54:46.248"></status>
</kw>
<kw name="Call Method" library="BuiltIn">
<doc>Calls the named method of the given object with the provided arguments.</doc>
<arguments>
<arg>${chrome_options}</arg>
<arg>add_argument</arg>
<arg>no-sandbox</arg>
</arguments>
<status status="PASS" starttime="20210126 13:54:46.248" endtime="20210126 13:54:46.248"></status>
</kw>
<kw name="Call Method" library="BuiltIn">
<doc>Calls the named method of the given object with the provided arguments.</doc>
<arguments>
<arg>${chrome_options}</arg>
<arg>add_argument</arg>
<arg>disable-dev-shm-usage</arg>
</arguments>
<status status="PASS" starttime="20210126 13:54:46.248" endtime="20210126 13:54:46.249"></status>
</kw>
<kw name="Call Method" library="BuiltIn">
<doc>Calls the named method of the given object with the provided arguments.</doc>
<arguments>
<arg>${chrome_options}</arg>
<arg>to_capabilities</arg>
</arguments>
<assign>
<var>${options}</var>
</assign>
<msg timestamp="20210126 13:54:46.249" level="INFO">${options} = {'browserName': 'chrome', 'version': '', 'platform': 'ANY', 'goog:chromeOptions': {'extensions': [], 'args': ['no-sandbox', 'disable-dev-shm-usage']}}</msg>
<status status="PASS" starttime="20210126 13:54:46.249" endtime="20210126 13:54:46.250"></status>
</kw>
<kw name="Open Browser" library="SeleniumLibrary">
<doc>Opens a new browser instance to the optional ``url``.</doc>
<arguments>
<arg>${URL}</arg>
<arg>${BROWSER}</arg>
<arg>desired_capabilities=${options}</arg>
</arguments>
<msg timestamp="20210126 13:54:46.251" level="INFO">Opening browser 'chrome' to base url 'https://www.westwingnow.de/'.</msg>
<status status="PASS" starttime="20210126 13:54:46.250" endtime="20210126 13:55:11.318"></status>
</kw>
<kw name="Maximize Browser Window" library="SeleniumLibrary">
<doc>Maximizes current browser window.</doc>
<status status="PASS" starttime="20210126 13:55:11.384" endtime="20210126 13:55:14.840"></status>
</kw>
<kw name="Click Button" library="SeleniumLibrary">
<doc>Clicks the button identified by ``locator``.</doc>
<arguments>
<arg>${AcceptCookies}</arg>
</arguments>
<msg timestamp="20210126 13:55:17.351" level="INFO">Clicking button 'id:onetrust-accept-btn-handler'.</msg>
<status status="PASS" starttime="20210126 13:55:14.841" endtime="20210126 13:55:21.811"></status>
</kw>
<status status="PASS" starttime="20210126 13:54:46.246" endtime="20210126 13:55:22.652"></status>
</kw>
<kw name="When I search for the product" library="Keywords">
<arguments>
<arg>${Product_search_term}</arg>
</arguments>
<kw name="Input Text" library="SeleniumLibrary">
<doc>Types the given ``text`` into the text field identified by ``locator``.</doc>
<arguments>
<arg>${HomePage_Search_Box}</arg>
<arg>${Product_search_term}</arg>
</arguments>
<msg timestamp="20210126 13:55:28.103" level="INFO">Typing text 'möbel' into text field 'tag:input'.</msg>
<status status="PASS" starttime="20210126 13:55:28.102" endtime="20210126 13:55:32.565"></status>
</kw>
<kw name="Press Keys" library="SeleniumLibrary">
<doc>Simulates the user pressing key(s) to an element or on the active browser.</doc>
<arguments>
<arg>${HomePage_Search_Box}</arg>
<arg>ENTER</arg>
</arguments>
<msg timestamp="20210126 13:55:32.579" level="INFO">Sending key(s) ('ENTER',) to tag:input element.</msg>
<msg timestamp="20210126 13:55:32.888" level="INFO">Pressing special key ENTER to element.</msg>
<msg timestamp="20210126 13:55:32.888" level="INFO">Releasing special key ENTER.</msg>
<status status="PASS" starttime="20210126 13:55:32.565" endtime="20210126 13:55:32.922"></status>
</kw>
<status status="PASS" starttime="20210126 13:55:26.345" endtime="20210126 13:55:32.922"></status>
</kw>
<kw name="Then I should see product listing page" library="Keywords">
<arguments>
<arg>${Product_search_term}</arg>
</arguments>
<kw name="Wait Until Page Contains Element" library="SeleniumLibrary">
<doc>Waits until the element ``locator`` appears on the current page.</doc>
<arguments>
<arg>${First_Product}</arg>
</arguments>
<status status="PASS" starttime="20210126 13:55:32.937" endtime="20210126 13:55:35.802"></status>
</kw>
<kw name="Page Should Contain" library="SeleniumLibrary">
<doc>Verifies that current page contains ``text``.</doc>
<arguments>
<arg>${Product_search_term}</arg>
</arguments>
<msg timestamp="20210126 13:55:36.171" level="INFO">Current page contains text 'möbel'.</msg>
<status status="PASS" starttime="20210126 13:55:35.802" endtime="20210126 13:55:36.171"></status>
</kw>
<kw name="Verify Page Title" library="Common">
<arguments>
<arg>${Product_Listing_Page_Title}</arg>
</arguments>
<kw name="Title Should Be" library="SeleniumLibrary">
<doc>Verifies that the current page title equals ``title``.</doc>
<arguments>
<arg>${Page_Title}</arg>
</arguments>
<msg timestamp="20210126 13:55:36.245" level="INFO">Page title is 'Möbel online kaufen | Möbel Online Shop | WestwingNow'.</msg>
<status status="PASS" starttime="20210126 13:55:36.190" endtime="20210126 13:55:36.245"></status>
</kw>
<status status="PASS" starttime="20210126 13:55:36.171" endtime="20210126 13:55:36.246"></status>
</kw>
<status status="PASS" starttime="20210126 13:55:32.936" endtime="20210126 13:55:36.246"></status>
</kw>
<kw name="End TestCase" library="Common" type="teardown">
<kw name="Close Browser" library="SeleniumLibrary">
<doc>Closes the current browser.</doc>
<status status="PASS" starttime="20210126 13:55:36.310" endtime="20210126 13:55:43.389"></status>
</kw>
<status status="PASS" starttime="20210126 13:55:36.309" endtime="20210126 13:55:43.390"></status>
</kw>
<status status="PASS" starttime="20210126 13:54:46.245" endtime="20210126 13:55:43.390" critical="yes"></status>
</test>
<test id="s1-t2" name="TC2 Add To Wishlist And Login Then Delete Wishlist">
<kw name="Given browser is opened to WestwinNow Homepage" library="Keywords">
<kw name="Evaluate" library="BuiltIn">
<doc>Evaluates the given expression in Python and returns the result.</doc>
<arguments>
<arg>sys.modules['selenium.webdriver'].ChromeOptions()</arg>
<arg>sys, selenium.webdriver</arg>
</arguments>
<assign>
<var>${chrome_options}</var>
</assign>
<msg timestamp="20210126 13:55:43.408" level="INFO">${chrome_options} = &lt;selenium.webdriver.chrome.options.Options object at 0x00000165ABB85670&gt;</msg>
<status status="PASS" starttime="20210126 13:55:43.405" endtime="20210126 13:55:43.409"></status>
</kw>
<kw name="Call Method" library="BuiltIn">
<doc>Calls the named method of the given object with the provided arguments.</doc>
<arguments>
<arg>${chrome_options}</arg>
<arg>add_argument</arg>
<arg>no-sandbox</arg>
</arguments>
<status status="PASS" starttime="20210126 13:55:43.409" endtime="20210126 13:55:43.409"></status>
</kw>
<kw name="Call Method" library="BuiltIn">
<doc>Calls the named method of the given object with the provided arguments.</doc>
<arguments>
<arg>${chrome_options}</arg>
<arg>add_argument</arg>
<arg>disable-dev-shm-usage</arg>
</arguments>
<status status="PASS" starttime="20210126 13:55:43.409" endtime="20210126 13:55:43.410"></status>
</kw>
<kw name="Call Method" library="BuiltIn">
<doc>Calls the named method of the given object with the provided arguments.</doc>
<arguments>
<arg>${chrome_options}</arg>
<arg>to_capabilities</arg>
</arguments>
<assign>
<var>${options}</var>
</assign>
<msg timestamp="20210126 13:55:43.411" level="INFO">${options} = {'browserName': 'chrome', 'version': '', 'platform': 'ANY', 'goog:chromeOptions': {'extensions': [], 'args': ['no-sandbox', 'disable-dev-shm-usage']}}</msg>
<status status="PASS" starttime="20210126 13:55:43.410" endtime="20210126 13:55:43.411"></status>
</kw>
<kw name="Open Browser" library="SeleniumLibrary">
<doc>Opens a new browser instance to the optional ``url``.</doc>
<arguments>
<arg>${URL}</arg>
<arg>${BROWSER}</arg>
<arg>desired_capabilities=${options}</arg>
</arguments>
<msg timestamp="20210126 13:55:43.413" level="INFO">Opening browser 'chrome' to base url 'https://www.westwingnow.de/'.</msg>
<status status="PASS" starttime="20210126 13:55:43.412" endtime="20210126 13:55:51.331"></status>
</kw>
<kw name="Maximize Browser Window" library="SeleniumLibrary">
<doc>Maximizes current browser window.</doc>
<status status="PASS" starttime="20210126 13:55:51.332" endtime="20210126 13:55:54.549"></status>
</kw>
<kw name="Click Button" library="SeleniumLibrary">
<doc>Clicks the button identified by ``locator``.</doc>
<arguments>
<arg>${AcceptCookies}</arg>
</arguments>
<msg timestamp="20210126 13:55:54.551" level="INFO">Clicking button 'id:onetrust-accept-btn-handler'.</msg>
<status status="PASS" starttime="20210126 13:55:54.549" endtime="20210126 13:55:55.781"></status>
</kw>
<status status="PASS" starttime="20210126 13:55:43.404" endtime="20210126 13:55:55.782"></status>
</kw>
<kw name="When I search for the product" library="Keywords">
<arguments>
<arg>${Product_search_term}</arg>
</arguments>
<kw name="Input Text" library="SeleniumLibrary">
<doc>Types the given ``text`` into the text field identified by ``locator``.</doc>
<arguments>
<arg>${HomePage_Search_Box}</arg>
<arg>${Product_search_term}</arg>
</arguments>
<msg timestamp="20210126 13:55:55.798" level="INFO">Typing text 'möbel' into text field 'tag:input'.</msg>
<status status="PASS" starttime="20210126 13:55:55.796" endtime="20210126 13:55:56.515"></status>
</kw>
<kw name="Press Keys" library="SeleniumLibrary">
<doc>Simulates the user pressing key(s) to an element or on the active browser.</doc>
<arguments>
<arg>${HomePage_Search_Box}</arg>
<arg>ENTER</arg>
</arguments>
<msg timestamp="20210126 13:55:56.518" level="INFO">Sending key(s) ('ENTER',) to tag:input element.</msg>
<msg timestamp="20210126 13:55:56.826" level="INFO">Pressing special key ENTER to element.</msg>
<msg timestamp="20210126 13:55:56.826" level="INFO">Releasing special key ENTER.</msg>
<status status="PASS" starttime="20210126 13:55:56.516" endtime="20210126 13:55:56.874"></status>
</kw>
<status status="PASS" starttime="20210126 13:55:55.793" endtime="20210126 13:55:56.874"></status>
</kw>
<kw name="And user is logged in by adding item to wishlist" library="Keywords">
<arguments>
<arg>${My_Username}</arg>
<arg>${My_Password}</arg>
</arguments>
<kw name="Wait Until Page Contains Element" library="SeleniumLibrary">
<doc>Waits until the element ``locator`` appears on the current page.</doc>
<arguments>
<arg>${Club_Registration_Overlay}</arg>
</arguments>
<status status="PASS" starttime="20210126 13:55:56.875" endtime="20210126 13:56:00.194"></status>
</kw>
<kw name="Click Element At Coordinates" library="SeleniumLibrary">
<doc>Click the element ``locator`` at ``xoffset/yoffset``.</doc>
<arguments>
<arg>${Club_Registration_Overlay}</arg>
<arg>200</arg>
<arg>200</arg>
</arguments>
<msg timestamp="20210126 13:56:00.195" level="INFO">Clicking element 'xpath://div[@data-identifier='SHOP_TO_CLUB_REGISTRATION_SINGLE_STEP_OVERLAY']' at coordinates x=200, y=200.</msg>
<status status="PASS" starttime="20210126 13:56:00.194" endtime="20210126 13:56:01.500"></status>
</kw>
<kw name="Click Element" library="SeleniumLibrary">
<doc>Click the element identified by ``locator``.</doc>
<arguments>
<arg>${WishList_Heart_Btn}</arg>
</arguments>
<msg timestamp="20210126 13:56:01.501" level="INFO">Clicking element 'xpath://body//div[@id='app-root']//div//div//div//div//div//div//div[1]//a[1]//div[1]//div[2]//div[2]//div[1]'.</msg>
<status status="PASS" starttime="20210126 13:56:01.501" endtime="20210126 13:56:02.977"></status>
</kw>
<kw name="Click Button" library="SeleniumLibrary">
<doc>Clicks the button identified by ``locator``.</doc>
<arguments>
<arg>${Already_Registered_Btn}</arg>
</arguments>
<msg timestamp="20210126 13:56:02.978" level="INFO">Clicking button 'xpath://button[@data-testid='login_reg_switch_btn']'.</msg>
<status status="PASS" starttime="20210126 13:56:02.977" endtime="20210126 13:56:03.368"></status>
</kw>
<kw name="Input Text" library="SeleniumLibrary">
<doc>Types the given ``text`` into the text field identified by ``locator``.</doc>
<arguments>
<arg>${User_Email_Address}</arg>
<arg>${My_Username}</arg>
</arguments>
<msg timestamp="20210126 13:56:03.369" level="INFO">Typing text 'dalefixter@gmail.com' into text field 'name:email'.</msg>
<status status="PASS" starttime="20210126 13:56:03.368" endtime="20210126 13:56:03.805"></status>
</kw>
<kw name="Input Password" library="SeleniumLibrary">
<doc>Types the given password into the text field identified by ``locator``.</doc>
<arguments>
<arg>${User_Password}</arg>
<arg>${My_Password}</arg>
</arguments>
<msg timestamp="20210126 13:56:03.806" level="INFO">Typing password into text field 'name:password'.</msg>
<msg timestamp="20210126 13:56:03.900" level="INFO">Temporally setting log level to: NONE</msg>
<msg timestamp="20210126 13:56:04.199" level="INFO">Log level changed from NONE to INFO.</msg>
<status status="PASS" starttime="20210126 13:56:03.806" endtime="20210126 13:56:04.199"></status>
</kw>
<kw name="Click Button" library="SeleniumLibrary">
<doc>Clicks the button identified by ``locator``.</doc>
<arguments>
<arg>${Login_Button}</arg>
</arguments>
<msg timestamp="20210126 13:56:04.201" level="INFO">Clicking button 'xpath://button[@type='submit']'.</msg>
<status status="PASS" starttime="20210126 13:56:04.200" endtime="20210126 13:56:04.530"></status>
</kw>
<kw name="Wait Until Page Contains Element" library="SeleniumLibrary">
<doc>Waits until the element ``locator`` appears on the current page.</doc>
<arguments>
<arg>${wishlist_counter}</arg>
</arguments>
<status status="PASS" starttime="20210126 13:56:04.531" endtime="20210126 13:56:06.435"></status>
</kw>
<status status="PASS" starttime="20210126 13:55:56.874" endtime="20210126 13:56:06.435"></status>
</kw>
<kw name="Then the product should be added to the wishlist" library="Keywords">
<kw name="Element Text Should Be" library="SeleniumLibrary">
<doc>Verifies that element ``locator`` contains exact the text ``expected``.</doc>
<arguments>
<arg>${wishlist_counter}</arg>
<arg>1</arg>
</arguments>
<msg timestamp="20210126 13:56:06.473" level="INFO">Verifying element 'xpath://html/body/div[1]/div/div[1]/div[2]/div/div[1]/header/div[8]/div[3]/div/span[1]/span' contains exact text '1'.</msg>
<status status="PASS" starttime="20210126 13:56:06.470" endtime="20210126 13:56:06.669"></status>
</kw>
<kw name="Get Text" library="SeleniumLibrary">
<doc>Returns the text value of the element identified by ``locator``.</doc>
<arguments>
<arg>${wishlist_counter}</arg>
</arguments>
<assign>
<var>${wish_list}</var>
</assign>
<msg timestamp="20210126 13:56:06.841" level="INFO">${wish_list} = 1</msg>
<status status="PASS" starttime="20210126 13:56:06.670" endtime="20210126 13:56:06.841"></status>
</kw>
<kw name="Log" library="BuiltIn">
<doc>Logs the given message with the given level.</doc>
<arguments>
<arg>${wish_list}</arg>
</arguments>
<msg timestamp="20210126 13:56:06.843" level="INFO">1</msg>
<status status="PASS" starttime="20210126 13:56:06.842" endtime="20210126 13:56:06.843"></status>
</kw>
<kw name="Capture Screenshot Page" library="Common">
<arguments>
<arg>${Add_Item_To_WishList_ScreenShot}</arg>
</arguments>
<kw name="Capture Page Screenshot" library="SeleniumLibrary">
<doc>Takes a screenshot of the current page and embeds it into a log file.</doc>
<arguments>
<arg>${file_name}</arg>
</arguments>
<msg timestamp="20210126 13:56:08.773" level="INFO" html="yes">&lt;/td&gt;&lt;/tr&gt;&lt;tr&gt;&lt;td colspan="3"&gt;&lt;a href="screenshot_wishlist_item_added.png"&gt;&lt;img src="screenshot_wishlist_item_added.png" width="800px"&gt;&lt;/a&gt;</msg>
<status status="PASS" starttime="20210126 13:56:06.844" endtime="20210126 13:56:08.774"></status>
</kw>
<status status="PASS" starttime="20210126 13:56:06.843" endtime="20210126 13:56:08.774"></status>
</kw>
<status status="PASS" starttime="20210126 13:56:06.466" endtime="20210126 13:56:08.774"></status>
</kw>
<kw name="When the user deletes the item from the wishlist" library="Keywords">
<kw name="Click Element" library="SeleniumLibrary">
<doc>Click the element identified by ``locator``.</doc>
<arguments>
<arg>${WishList_Text}</arg>
</arguments>
<msg timestamp="20210126 13:56:08.779" level="INFO">Clicking element '//span[. = 'Wunschliste']'.</msg>
<status status="PASS" starttime="20210126 13:56:08.775" endtime="20210126 13:56:14.789"></status>
</kw>
<kw name="Verify Page Title" library="Common">
<arguments>
<arg>${WishList_Page_Title}</arg>
</arguments>
<kw name="Title Should Be" library="SeleniumLibrary">
<doc>Verifies that the current page title equals ``title``.</doc>
<arguments>
<arg>${Page_Title}</arg>
</arguments>
<msg timestamp="20210126 13:56:15.031" level="INFO">Page title is 'Meine Wunschliste | WestwingNow'.</msg>
<status status="PASS" starttime="20210126 13:56:14.812" endtime="20210126 13:56:15.031"></status>
</kw>
<status status="PASS" starttime="20210126 13:56:14.789" endtime="20210126 13:56:15.031"></status>
</kw>
<status status="PASS" starttime="20210126 13:56:08.775" endtime="20210126 13:56:15.032"></status>
</kw>
<kw name="Then the item should be removed from the wishlist page" library="Keywords">
<kw name="Click Element" library="SeleniumLibrary">
<doc>Click the element identified by ``locator``.</doc>
<arguments>
<arg>${Delete_Item_From_WishList}</arg>
</arguments>
<msg timestamp="20210126 13:56:15.034" level="INFO">Clicking element '//button[@class='blockListProduct__delete qaBlockListProduct__delete']'.</msg>
<status status="PASS" starttime="20210126 13:56:15.033" endtime="20210126 13:56:16.880"></status>
</kw>
<kw name="Page Should Not Contain Element" library="SeleniumLibrary">
<doc>Verifies that element ``locator`` is not found on the current page.</doc>
<arguments>
<arg>${no_items_in_wishlist} #wishlist counter is not active, no items are in wishlist</arg>
</arguments>
<msg timestamp="20210126 13:56:19.817" level="INFO">Current page does not contain element 'css:#wwOneHeader &gt; div &gt; div.OneHeader__OneHeaderWrapper-d0qgmn-0.ioEPPS &gt; header &gt; div.IconsButtonTray__Icons-sc-1k6jcrl-0.imIMYe &gt; div.IconsButtonTray__ItemWrapper-sc-1k6jcrl-4.gIlVoo.WishlistCount.qa-header-wishlist-link &gt; div &gt; span.IconsButtonTray__MenuIconWrapper-sc-1k6jcrl-1.ktRzWe &gt; span #wishlist counter is not active, no items are in wishlist'.</msg>
<status status="PASS" starttime="20210126 13:56:16.881" endtime="20210126 13:56:19.818"></status>
</kw>
<kw name="Capture Page Screenshot" library="SeleniumLibrary">
<doc>Takes a screenshot of the current page and embeds it into a log file.</doc>
<arguments>
<arg>${Delete_Item_From_WishList_ScreenShot}</arg>
</arguments>
<msg timestamp="20210126 13:56:20.934" level="INFO" html="yes">&lt;/td&gt;&lt;/tr&gt;&lt;tr&gt;&lt;td colspan="3"&gt;&lt;a href="screenshot_wishlist_item_deleted.png"&gt;&lt;img src="screenshot_wishlist_item_deleted.png" width="800px"&gt;&lt;/a&gt;</msg>
<status status="PASS" starttime="20210126 13:56:19.818" endtime="20210126 13:56:20.935"></status>
</kw>
<status status="PASS" starttime="20210126 13:56:15.033" endtime="20210126 13:56:20.935"></status>
</kw>
<kw name="End TestCase" library="Common" type="teardown">
<kw name="Close Browser" library="SeleniumLibrary">
<doc>Closes the current browser.</doc>
<status status="PASS" starttime="20210126 13:56:20.944" endtime="20210126 13:56:24.986"></status>
</kw>
<status status="PASS" starttime="20210126 13:56:20.942" endtime="20210126 13:56:24.986"></status>
</kw>
<status status="PASS" starttime="20210126 13:55:43.403" endtime="20210126 13:56:24.987" critical="yes"></status>
</test>
<doc>WestWing Test - Dale Fixter</doc>
<status status="PASS" starttime="20210126 13:54:45.359" endtime="20210126 13:56:25.001"></status>
</suite>
<statistics>
<total>
<stat pass="2" fail="0">Critical Tests</stat>
<stat pass="2" fail="0">All Tests</stat>
</total>
<tag>
</tag>
<suite>
<stat pass="2" fail="0" id="s1" name="Testsuite">Testsuite</stat>
</suite>
</statistics>
<errors>
</errors>
</robot>
